{"C:\\Users\\ADMIN\\SMARTSTAY CHUKA\\backend\\controllers\\authController.js": {"path":"C:\\Users\\ADMIN\\SMARTSTAY CHUKA\\backend\\controllers\\authController.js","statementMap":{"0":{"start":{"line":1,"column":12},"end":{"line":1,"column":35}},"1":{"start":{"line":2,"column":15},"end":{"line":2,"column":34}},"2":{"start":{"line":3,"column":17},"end":{"line":3,"column":46}},"3":{"start":{"line":6,"column":21},"end":{"line":13,"column":1}},"4":{"start":{"line":7,"column":2},"end":{"line":12,"column":3}},"5":{"start":{"line":8,"column":4},"end":{"line":8,"column":35}},"6":{"start":{"line":10,"column":4},"end":{"line":10,"column":52}},"7":{"start":{"line":11,"column":4},"end":{"line":11,"column":16}},"8":{"start":{"line":15,"column":24},"end":{"line":22,"column":1}},"9":{"start":{"line":16,"column":2},"end":{"line":21,"column":3}},"10":{"start":{"line":17,"column":4},"end":{"line":17,"column":52}},"11":{"start":{"line":19,"column":4},"end":{"line":19,"column":55}},"12":{"start":{"line":20,"column":4},"end":{"line":20,"column":16}},"13":{"start":{"line":24,"column":31},"end":{"line":37,"column":1}},"14":{"start":{"line":25,"column":2},"end":{"line":36,"column":3}},"15":{"start":{"line":26,"column":17},"end":{"line":26,"column":40}},"16":{"start":{"line":27,"column":4},"end":{"line":27,"column":28}},"17":{"start":{"line":27,"column":15},"end":{"line":27,"column":28}},"18":{"start":{"line":28,"column":4},"end":{"line":31,"column":7}},"19":{"start":{"line":32,"column":4},"end":{"line":32,"column":16}},"20":{"start":{"line":34,"column":4},"end":{"line":34,"column":55}},"21":{"start":{"line":35,"column":4},"end":{"line":35,"column":17}},"22":{"start":{"line":40,"column":0},"end":{"line":40,"column":79}},"23":{"start":{"line":42,"column":0},"end":{"line":95,"column":2}},"24":{"start":{"line":43,"column":2},"end":{"line":94,"column":3}},"25":{"start":{"line":44,"column":66},"end":{"line":44,"column":74}},"26":{"start":{"line":47,"column":4},"end":{"line":49,"column":5}},"27":{"start":{"line":48,"column":6},"end":{"line":48,"column":74}},"28":{"start":{"line":52,"column":25},"end":{"line":52,"column":53}},"29":{"start":{"line":53,"column":4},"end":{"line":55,"column":5}},"30":{"start":{"line":54,"column":6},"end":{"line":54,"column":70}},"31":{"start":{"line":58,"column":27},"end":{"line":58,"column":58}},"32":{"start":{"line":61,"column":20},"end":{"line":69,"column":6}},"33":{"start":{"line":72,"column":18},"end":{"line":76,"column":5}},"34":{"start":{"line":78,"column":4},"end":{"line":90,"column":7}},"35":{"start":{"line":92,"column":4},"end":{"line":92,"column":48}},"36":{"start":{"line":93,"column":4},"end":{"line":93,"column":76}},"37":{"start":{"line":97,"column":0},"end":{"line":142,"column":2}},"38":{"start":{"line":98,"column":2},"end":{"line":141,"column":3}},"39":{"start":{"line":99,"column":32},"end":{"line":99,"column":40}},"40":{"start":{"line":102,"column":4},"end":{"line":104,"column":5}},"41":{"start":{"line":103,"column":6},"end":{"line":103,"column":78}},"42":{"start":{"line":107,"column":17},"end":{"line":107,"column":45}},"43":{"start":{"line":108,"column":4},"end":{"line":110,"column":5}},"44":{"start":{"line":109,"column":6},"end":{"line":109,"column":70}},"45":{"start":{"line":113,"column":28},"end":{"line":113,"column":73}},"46":{"start":{"line":114,"column":4},"end":{"line":116,"column":5}},"47":{"start":{"line":115,"column":6},"end":{"line":115,"column":70}},"48":{"start":{"line":119,"column":18},"end":{"line":123,"column":5}},"49":{"start":{"line":125,"column":4},"end":{"line":137,"column":7}},"50":{"start":{"line":139,"column":4},"end":{"line":139,"column":41}},"51":{"start":{"line":140,"column":4},"end":{"line":140,"column":76}},"52":{"start":{"line":144,"column":0},"end":{"line":183,"column":2}},"53":{"start":{"line":145,"column":2},"end":{"line":182,"column":3}},"54":{"start":{"line":146,"column":32},"end":{"line":146,"column":40}},"55":{"start":{"line":148,"column":4},"end":{"line":150,"column":5}},"56":{"start":{"line":149,"column":6},"end":{"line":149,"column":78}},"57":{"start":{"line":152,"column":17},"end":{"line":152,"column":45}},"58":{"start":{"line":153,"column":4},"end":{"line":155,"column":5}},"59":{"start":{"line":154,"column":6},"end":{"line":154,"column":76}},"60":{"start":{"line":157,"column":28},"end":{"line":157,"column":73}},"61":{"start":{"line":158,"column":4},"end":{"line":160,"column":5}},"62":{"start":{"line":159,"column":6},"end":{"line":159,"column":70}},"63":{"start":{"line":162,"column":18},"end":{"line":166,"column":5}},"64":{"start":{"line":168,"column":4},"end":{"line":178,"column":7}},"65":{"start":{"line":180,"column":4},"end":{"line":180,"column":47}},"66":{"start":{"line":181,"column":4},"end":{"line":181,"column":76}}},"fnMap":{"0":{"name":"(anonymous_0)","decl":{"start":{"line":6,"column":21},"end":{"line":6,"column":22}},"loc":{"start":{"line":6,"column":35},"end":{"line":13,"column":1}},"line":6},"1":{"name":"(anonymous_1)","decl":{"start":{"line":15,"column":24},"end":{"line":15,"column":25}},"loc":{"start":{"line":15,"column":41},"end":{"line":22,"column":1}},"line":15},"2":{"name":"(anonymous_2)","decl":{"start":{"line":24,"column":31},"end":{"line":24,"column":32}},"loc":{"start":{"line":24,"column":83},"end":{"line":37,"column":1}},"line":24},"3":{"name":"(anonymous_3)","decl":{"start":{"line":42,"column":19},"end":{"line":42,"column":20}},"loc":{"start":{"line":42,"column":39},"end":{"line":95,"column":1}},"line":42},"4":{"name":"(anonymous_4)","decl":{"start":{"line":97,"column":16},"end":{"line":97,"column":17}},"loc":{"start":{"line":97,"column":36},"end":{"line":142,"column":1}},"line":97},"5":{"name":"(anonymous_5)","decl":{"start":{"line":144,"column":21},"end":{"line":144,"column":22}},"loc":{"start":{"line":144,"column":41},"end":{"line":183,"column":1}},"line":144}},"branchMap":{"0":{"loc":{"start":{"line":24,"column":42},"end":{"line":24,"column":59}},"type":"default-arg","locations":[{"start":{"line":24,"column":55},"end":{"line":24,"column":59}}],"line":24},"1":{"loc":{"start":{"line":24,"column":61},"end":{"line":24,"column":78}},"type":"default-arg","locations":[{"start":{"line":24,"column":74},"end":{"line":24,"column":78}}],"line":24},"2":{"loc":{"start":{"line":27,"column":4},"end":{"line":27,"column":28}},"type":"if","locations":[{"start":{"line":27,"column":4},"end":{"line":27,"column":28}},{"start":{},"end":{}}],"line":27},"3":{"loc":{"start":{"line":47,"column":4},"end":{"line":49,"column":5}},"type":"if","locations":[{"start":{"line":47,"column":4},"end":{"line":49,"column":5}},{"start":{},"end":{}}],"line":47},"4":{"loc":{"start":{"line":47,"column":8},"end":{"line":47,"column":54}},"type":"binary-expr","locations":[{"start":{"line":47,"column":8},"end":{"line":47,"column":18}},{"start":{"line":47,"column":22},"end":{"line":47,"column":31}},{"start":{"line":47,"column":35},"end":{"line":47,"column":41}},{"start":{"line":47,"column":45},"end":{"line":47,"column":54}}],"line":47},"5":{"loc":{"start":{"line":53,"column":4},"end":{"line":55,"column":5}},"type":"if","locations":[{"start":{"line":53,"column":4},"end":{"line":55,"column":5}},{"start":{},"end":{}}],"line":53},"6":{"loc":{"start":{"line":65,"column":19},"end":{"line":65,"column":36}},"type":"binary-expr","locations":[{"start":{"line":65,"column":19},"end":{"line":65,"column":30}},{"start":{"line":65,"column":34},"end":{"line":65,"column":36}}],"line":65},"7":{"loc":{"start":{"line":74,"column":6},"end":{"line":74,"column":66}},"type":"binary-expr","locations":[{"start":{"line":74,"column":6},"end":{"line":74,"column":28}},{"start":{"line":74,"column":32},"end":{"line":74,"column":66}}],"line":74},"8":{"loc":{"start":{"line":102,"column":4},"end":{"line":104,"column":5}},"type":"if","locations":[{"start":{"line":102,"column":4},"end":{"line":104,"column":5}},{"start":{},"end":{}}],"line":102},"9":{"loc":{"start":{"line":102,"column":8},"end":{"line":102,"column":27}},"type":"binary-expr","locations":[{"start":{"line":102,"column":8},"end":{"line":102,"column":14}},{"start":{"line":102,"column":18},"end":{"line":102,"column":27}}],"line":102},"10":{"loc":{"start":{"line":108,"column":4},"end":{"line":110,"column":5}},"type":"if","locations":[{"start":{"line":108,"column":4},"end":{"line":110,"column":5}},{"start":{},"end":{}}],"line":108},"11":{"loc":{"start":{"line":114,"column":4},"end":{"line":116,"column":5}},"type":"if","locations":[{"start":{"line":114,"column":4},"end":{"line":116,"column":5}},{"start":{},"end":{}}],"line":114},"12":{"loc":{"start":{"line":121,"column":6},"end":{"line":121,"column":66}},"type":"binary-expr","locations":[{"start":{"line":121,"column":6},"end":{"line":121,"column":28}},{"start":{"line":121,"column":32},"end":{"line":121,"column":66}}],"line":121},"13":{"loc":{"start":{"line":148,"column":4},"end":{"line":150,"column":5}},"type":"if","locations":[{"start":{"line":148,"column":4},"end":{"line":150,"column":5}},{"start":{},"end":{}}],"line":148},"14":{"loc":{"start":{"line":148,"column":8},"end":{"line":148,"column":27}},"type":"binary-expr","locations":[{"start":{"line":148,"column":8},"end":{"line":148,"column":14}},{"start":{"line":148,"column":18},"end":{"line":148,"column":27}}],"line":148},"15":{"loc":{"start":{"line":153,"column":4},"end":{"line":155,"column":5}},"type":"if","locations":[{"start":{"line":153,"column":4},"end":{"line":155,"column":5}},{"start":{},"end":{}}],"line":153},"16":{"loc":{"start":{"line":153,"column":8},"end":{"line":153,"column":30}},"type":"binary-expr","locations":[{"start":{"line":153,"column":8},"end":{"line":153,"column":13}},{"start":{"line":153,"column":17},"end":{"line":153,"column":30}}],"line":153},"17":{"loc":{"start":{"line":158,"column":4},"end":{"line":160,"column":5}},"type":"if","locations":[{"start":{"line":158,"column":4},"end":{"line":160,"column":5}},{"start":{},"end":{}}],"line":158},"18":{"loc":{"start":{"line":164,"column":6},"end":{"line":164,"column":66}},"type":"binary-expr","locations":[{"start":{"line":164,"column":6},"end":{"line":164,"column":28}},{"start":{"line":164,"column":32},"end":{"line":164,"column":66}}],"line":164}},"s":{"0":2,"1":2,"2":2,"3":2,"4":0,"5":0,"6":0,"7":0,"8":2,"9":7,"10":7,"11":7,"12":7,"13":2,"14":0,"15":0,"16":0,"17":0,"18":0,"19":0,"20":0,"21":0,"22":2,"23":2,"24":4,"25":4,"26":4,"27":0,"28":4,"29":4,"30":0,"31":4,"32":4,"33":0,"34":0,"35":4,"36":4,"37":2,"38":3,"39":3,"40":3,"41":0,"42":3,"43":3,"44":3,"45":0,"46":0,"47":0,"48":0,"49":0,"50":0,"51":0,"52":2,"53":0,"54":0,"55":0,"56":0,"57":0,"58":0,"59":0,"60":0,"61":0,"62":0,"63":0,"64":0,"65":0,"66":0},"f":{"0":0,"1":7,"2":0,"3":4,"4":3,"5":0},"b":{"0":[0],"1":[0],"2":[0,0],"3":[0,4],"4":[4,4,4,4],"5":[0,4],"6":[4,0],"7":[0,0],"8":[0,3],"9":[3,3],"10":[3,0],"11":[0,0],"12":[0,0],"13":[0,0],"14":[0,0],"15":[0,0],"16":[0,0],"17":[0,0],"18":[0,0]},"_coverageSchema":"1a1c01bbd47fc00a2c39e90264f33305004495a9","hash":"4e7f534c4f604d4e13d6de7a40500b26e1cad619"}
,"C:\\Users\\ADMIN\\SMARTSTAY CHUKA\\backend\\controllers\\hostelController.js": {"path":"C:\\Users\\ADMIN\\SMARTSTAY CHUKA\\backend\\controllers\\hostelController.js","statementMap":{"0":{"start":{"line":1,"column":15},"end":{"line":1,"column":42}},"1":{"start":{"line":4,"column":20},"end":{"line":112,"column":1}},"2":{"start":{"line":114,"column":0},"end":{"line":146,"column":2}},"3":{"start":{"line":115,"column":2},"end":{"line":145,"column":3}},"4":{"start":{"line":117,"column":17},"end":{"line":117,"column":25}},"5":{"start":{"line":119,"column":4},"end":{"line":136,"column":5}},"6":{"start":{"line":121,"column":6},"end":{"line":123,"column":7}},"7":{"start":{"line":122,"column":8},"end":{"line":122,"column":37}},"8":{"start":{"line":126,"column":6},"end":{"line":128,"column":7}},"9":{"start":{"line":127,"column":8},"end":{"line":127,"column":37}},"10":{"start":{"line":132,"column":6},"end":{"line":135,"column":9}},"11":{"start":{"line":139,"column":4},"end":{"line":142,"column":7}},"12":{"start":{"line":144,"column":4},"end":{"line":144,"column":76}},"13":{"start":{"line":149,"column":0},"end":{"line":187,"column":2}},"14":{"start":{"line":150,"column":2},"end":{"line":186,"column":3}},"15":{"start":{"line":151,"column":17},"end":{"line":151,"column":25}},"16":{"start":{"line":152,"column":4},"end":{"line":154,"column":5}},"17":{"start":{"line":153,"column":6},"end":{"line":153,"column":72}},"18":{"start":{"line":156,"column":34},"end":{"line":156,"column":42}},"19":{"start":{"line":157,"column":4},"end":{"line":159,"column":5}},"20":{"start":{"line":158,"column":6},"end":{"line":158,"column":70}},"21":{"start":{"line":161,"column":18},"end":{"line":161,"column":20}},"22":{"start":{"line":162,"column":4},"end":{"line":181,"column":7}},"23":{"start":{"line":163,"column":17},"end":{"line":163,"column":73}},"24":{"start":{"line":164,"column":21},"end":{"line":177,"column":7}},"25":{"start":{"line":173,"column":115},"end":{"line":173,"column":123}},"26":{"start":{"line":175,"column":116},"end":{"line":175,"column":217}},"27":{"start":{"line":179,"column":6},"end":{"line":179,"column":31}},"28":{"start":{"line":180,"column":6},"end":{"line":180,"column":25}},"29":{"start":{"line":183,"column":4},"end":{"line":183,"column":69}},"30":{"start":{"line":185,"column":4},"end":{"line":185,"column":76}},"31":{"start":{"line":189,"column":0},"end":{"line":199,"column":2}},"32":{"start":{"line":190,"column":2},"end":{"line":198,"column":3}},"33":{"start":{"line":191,"column":19},"end":{"line":191,"column":113}},"34":{"start":{"line":192,"column":4},"end":{"line":194,"column":5}},"35":{"start":{"line":193,"column":6},"end":{"line":193,"column":67}},"36":{"start":{"line":195,"column":4},"end":{"line":195,"column":21}},"37":{"start":{"line":197,"column":4},"end":{"line":197,"column":76}},"38":{"start":{"line":201,"column":0},"end":{"line":222,"column":2}},"39":{"start":{"line":202,"column":2},"end":{"line":221,"column":3}},"40":{"start":{"line":203,"column":96},"end":{"line":203,"column":104}},"41":{"start":{"line":205,"column":19},"end":{"line":215,"column":6}},"42":{"start":{"line":217,"column":4},"end":{"line":217,"column":24}},"43":{"start":{"line":218,"column":4},"end":{"line":218,"column":77}},"44":{"start":{"line":220,"column":4},"end":{"line":220,"column":76}},"45":{"start":{"line":224,"column":0},"end":{"line":241,"column":2}},"46":{"start":{"line":225,"column":2},"end":{"line":240,"column":3}},"47":{"start":{"line":226,"column":17},"end":{"line":226,"column":53}},"48":{"start":{"line":227,"column":4},"end":{"line":229,"column":5}},"49":{"start":{"line":228,"column":6},"end":{"line":228,"column":67}},"50":{"start":{"line":232,"column":4},"end":{"line":234,"column":5}},"51":{"start":{"line":233,"column":6},"end":{"line":233,"column":65}},"52":{"start":{"line":236,"column":4},"end":{"line":236,"column":84}},"53":{"start":{"line":237,"column":4},"end":{"line":237,"column":65}},"54":{"start":{"line":239,"column":4},"end":{"line":239,"column":76}},"55":{"start":{"line":243,"column":0},"end":{"line":266,"column":2}},"56":{"start":{"line":244,"column":2},"end":{"line":265,"column":3}},"57":{"start":{"line":245,"column":32},"end":{"line":245,"column":40}},"58":{"start":{"line":246,"column":19},"end":{"line":246,"column":55}},"59":{"start":{"line":248,"column":4},"end":{"line":250,"column":5}},"60":{"start":{"line":249,"column":6},"end":{"line":249,"column":67}},"61":{"start":{"line":252,"column":19},"end":{"line":257,"column":5}},"62":{"start":{"line":259,"column":4},"end":{"line":259,"column":32}},"63":{"start":{"line":260,"column":4},"end":{"line":260,"column":24}},"64":{"start":{"line":262,"column":4},"end":{"line":262,"column":63}},"65":{"start":{"line":264,"column":4},"end":{"line":264,"column":76}}},"fnMap":{"0":{"name":"(anonymous_0)","decl":{"start":{"line":114,"column":24},"end":{"line":114,"column":25}},"loc":{"start":{"line":114,"column":44},"end":{"line":146,"column":1}},"line":114},"1":{"name":"(anonymous_1)","decl":{"start":{"line":149,"column":24},"end":{"line":149,"column":25}},"loc":{"start":{"line":149,"column":44},"end":{"line":187,"column":1}},"line":149},"2":{"name":"(anonymous_2)","decl":{"start":{"line":162,"column":21},"end":{"line":162,"column":22}},"loc":{"start":{"line":162,"column":26},"end":{"line":181,"column":5}},"line":162},"3":{"name":"(anonymous_3)","decl":{"start":{"line":173,"column":112},"end":{"line":173,"column":113}},"loc":{"start":{"line":173,"column":115},"end":{"line":173,"column":123}},"line":173},"4":{"name":"(anonymous_4)","decl":{"start":{"line":175,"column":112},"end":{"line":175,"column":113}},"loc":{"start":{"line":175,"column":116},"end":{"line":175,"column":217}},"line":175},"5":{"name":"(anonymous_5)","decl":{"start":{"line":189,"column":24},"end":{"line":189,"column":25}},"loc":{"start":{"line":189,"column":44},"end":{"line":199,"column":1}},"line":189},"6":{"name":"(anonymous_6)","decl":{"start":{"line":201,"column":23},"end":{"line":201,"column":24}},"loc":{"start":{"line":201,"column":43},"end":{"line":222,"column":1}},"line":201},"7":{"name":"(anonymous_7)","decl":{"start":{"line":224,"column":23},"end":{"line":224,"column":24}},"loc":{"start":{"line":224,"column":43},"end":{"line":241,"column":1}},"line":224},"8":{"name":"(anonymous_8)","decl":{"start":{"line":243,"column":20},"end":{"line":243,"column":21}},"loc":{"start":{"line":243,"column":40},"end":{"line":266,"column":1}},"line":243}},"branchMap":{"0":{"loc":{"start":{"line":119,"column":4},"end":{"line":136,"column":5}},"type":"if","locations":[{"start":{"line":119,"column":4},"end":{"line":136,"column":5}},{"start":{},"end":{}}],"line":119},"1":{"loc":{"start":{"line":121,"column":6},"end":{"line":123,"column":7}},"type":"if","locations":[{"start":{"line":121,"column":6},"end":{"line":123,"column":7}},{"start":{},"end":{}}],"line":121},"2":{"loc":{"start":{"line":126,"column":6},"end":{"line":128,"column":7}},"type":"if","locations":[{"start":{"line":126,"column":6},"end":{"line":128,"column":7}},{"start":{},"end":{}}],"line":126},"3":{"loc":{"start":{"line":152,"column":4},"end":{"line":154,"column":5}},"type":"if","locations":[{"start":{"line":152,"column":4},"end":{"line":154,"column":5}},{"start":{},"end":{}}],"line":152},"4":{"loc":{"start":{"line":152,"column":8},"end":{"line":152,"column":30}},"type":"binary-expr","locations":[{"start":{"line":152,"column":8},"end":{"line":152,"column":13}},{"start":{"line":152,"column":17},"end":{"line":152,"column":30}}],"line":152},"5":{"loc":{"start":{"line":157,"column":4},"end":{"line":159,"column":5}},"type":"if","locations":[{"start":{"line":157,"column":4},"end":{"line":159,"column":5}},{"start":{},"end":{}}],"line":157},"6":{"loc":{"start":{"line":157,"column":8},"end":{"line":157,"column":57}},"type":"binary-expr","locations":[{"start":{"line":157,"column":8},"end":{"line":157,"column":32}},{"start":{"line":157,"column":36},"end":{"line":157,"column":57}}],"line":157},"7":{"loc":{"start":{"line":166,"column":14},"end":{"line":166,"column":40}},"type":"binary-expr","locations":[{"start":{"line":166,"column":14},"end":{"line":166,"column":20}},{"start":{"line":166,"column":24},"end":{"line":166,"column":40}}],"line":166},"8":{"loc":{"start":{"line":167,"column":21},"end":{"line":167,"column":40}},"type":"binary-expr","locations":[{"start":{"line":167,"column":21},"end":{"line":167,"column":34}},{"start":{"line":167,"column":38},"end":{"line":167,"column":40}}],"line":167},"9":{"loc":{"start":{"line":168,"column":18},"end":{"line":168,"column":34}},"type":"binary-expr","locations":[{"start":{"line":168,"column":18},"end":{"line":168,"column":28}},{"start":{"line":168,"column":32},"end":{"line":168,"column":34}}],"line":168},"10":{"loc":{"start":{"line":169,"column":18},"end":{"line":169,"column":34}},"type":"binary-expr","locations":[{"start":{"line":169,"column":18},"end":{"line":169,"column":28}},{"start":{"line":169,"column":32},"end":{"line":169,"column":34}}],"line":169},"11":{"loc":{"start":{"line":170,"column":21},"end":{"line":170,"column":40}},"type":"binary-expr","locations":[{"start":{"line":170,"column":21},"end":{"line":170,"column":34}},{"start":{"line":170,"column":38},"end":{"line":170,"column":40}}],"line":170},"12":{"loc":{"start":{"line":171,"column":19},"end":{"line":171,"column":36}},"type":"binary-expr","locations":[{"start":{"line":171,"column":19},"end":{"line":171,"column":30}},{"start":{"line":171,"column":34},"end":{"line":171,"column":36}}],"line":171},"13":{"loc":{"start":{"line":172,"column":24},"end":{"line":172,"column":46}},"type":"binary-expr","locations":[{"start":{"line":172,"column":24},"end":{"line":172,"column":40}},{"start":{"line":172,"column":44},"end":{"line":172,"column":46}}],"line":172},"14":{"loc":{"start":{"line":173,"column":19},"end":{"line":173,"column":130}},"type":"cond-expr","locations":[{"start":{"line":173,"column":48},"end":{"line":173,"column":59}},{"start":{"line":173,"column":63},"end":{"line":173,"column":129}}],"line":173},"15":{"loc":{"start":{"line":173,"column":63},"end":{"line":173,"column":129}},"type":"cond-expr","locations":[{"start":{"line":173,"column":77},"end":{"line":173,"column":124}},{"start":{"line":173,"column":127},"end":{"line":173,"column":129}}],"line":173},"16":{"loc":{"start":{"line":174,"column":15},"end":{"line":174,"column":110}},"type":"binary-expr","locations":[{"start":{"line":174,"column":15},"end":{"line":174,"column":22}},{"start":{"line":174,"column":26},"end":{"line":174,"column":110}}],"line":174},"17":{"loc":{"start":{"line":174,"column":89},"end":{"line":174,"column":107}},"type":"binary-expr","locations":[{"start":{"line":174,"column":89},"end":{"line":174,"column":95}},{"start":{"line":174,"column":99},"end":{"line":174,"column":107}}],"line":174},"18":{"loc":{"start":{"line":175,"column":19},"end":{"line":175,"column":225}},"type":"cond-expr","locations":[{"start":{"line":175,"column":48},"end":{"line":175,"column":59}},{"start":{"line":175,"column":63},"end":{"line":175,"column":224}}],"line":175},"19":{"loc":{"start":{"line":175,"column":63},"end":{"line":175,"column":224}},"type":"cond-expr","locations":[{"start":{"line":175,"column":77},"end":{"line":175,"column":219}},{"start":{"line":175,"column":222},"end":{"line":175,"column":224}}],"line":175},"20":{"loc":{"start":{"line":192,"column":4},"end":{"line":194,"column":5}},"type":"if","locations":[{"start":{"line":192,"column":4},"end":{"line":194,"column":5}},{"start":{},"end":{}}],"line":192},"21":{"loc":{"start":{"line":227,"column":4},"end":{"line":229,"column":5}},"type":"if","locations":[{"start":{"line":227,"column":4},"end":{"line":229,"column":5}},{"start":{},"end":{}}],"line":227},"22":{"loc":{"start":{"line":232,"column":4},"end":{"line":234,"column":5}},"type":"if","locations":[{"start":{"line":232,"column":4},"end":{"line":234,"column":5}},{"start":{},"end":{}}],"line":232},"23":{"loc":{"start":{"line":248,"column":4},"end":{"line":250,"column":5}},"type":"if","locations":[{"start":{"line":248,"column":4},"end":{"line":250,"column":5}},{"start":{},"end":{}}],"line":248}},"s":{"0":1,"1":1,"2":1,"3":1,"4":1,"5":1,"6":0,"7":0,"8":0,"9":0,"10":0,"11":1,"12":0,"13":1,"14":0,"15":0,"16":0,"17":0,"18":0,"19":0,"20":0,"21":0,"22":0,"23":0,"24":0,"25":0,"26":0,"27":0,"28":0,"29":0,"30":0,"31":1,"32":1,"33":1,"34":0,"35":0,"36":0,"37":1,"38":1,"39":0,"40":0,"41":0,"42":0,"43":0,"44":0,"45":1,"46":0,"47":0,"48":0,"49":0,"50":0,"51":0,"52":0,"53":0,"54":0,"55":1,"56":0,"57":0,"58":0,"59":0,"60":0,"61":0,"62":0,"63":0,"64":0,"65":0},"f":{"0":1,"1":0,"2":0,"3":0,"4":0,"5":1,"6":0,"7":0,"8":0},"b":{"0":[0,1],"1":[0,0],"2":[0,0],"3":[0,0],"4":[0,0],"5":[0,0],"6":[0,0],"7":[0,0],"8":[0,0],"9":[0,0],"10":[0,0],"11":[0,0],"12":[0,0],"13":[0,0],"14":[0,0],"15":[0,0],"16":[0,0],"17":[0,0],"18":[0,0],"19":[0,0],"20":[0,0],"21":[0,0],"22":[0,0],"23":[0,0]},"_coverageSchema":"1a1c01bbd47fc00a2c39e90264f33305004495a9","hash":"22a4f61eaaf1580d3c17caa8022011a2b96634d1"}
,"C:\\Users\\ADMIN\\SMARTSTAY CHUKA\\backend\\controllers\\paymentController.js": {"path":"C:\\Users\\ADMIN\\SMARTSTAY CHUKA\\backend\\controllers\\paymentController.js","statementMap":{"0":{"start":{"line":1,"column":16},"end":{"line":1,"column":44}},"1":{"start":{"line":2,"column":13},"end":{"line":2,"column":38}},"2":{"start":{"line":3,"column":21},"end":{"line":3,"column":53}},"3":{"start":{"line":4,"column":18},"end":{"line":4,"column":45}},"4":{"start":{"line":6,"column":0},"end":{"line":43,"column":2}},"5":{"start":{"line":7,"column":2},"end":{"line":42,"column":3}},"6":{"start":{"line":8,"column":28},"end":{"line":8,"column":36}},"7":{"start":{"line":9,"column":19},"end":{"line":9,"column":54}},"8":{"start":{"line":12,"column":20},"end":{"line":17,"column":6}},"9":{"start":{"line":19,"column":4},"end":{"line":19,"column":25}},"10":{"start":{"line":22,"column":26},"end":{"line":26,"column":5}},"11":{"start":{"line":28,"column":4},"end":{"line":39,"column":5}},"12":{"start":{"line":29,"column":6},"end":{"line":33,"column":9}},"13":{"start":{"line":35,"column":6},"end":{"line":38,"column":9}},"14":{"start":{"line":41,"column":4},"end":{"line":41,"column":76}},"15":{"start":{"line":45,"column":0},"end":{"line":91,"column":2}},"16":{"start":{"line":46,"column":2},"end":{"line":90,"column":3}},"17":{"start":{"line":47,"column":21},"end":{"line":47,"column":29}},"18":{"start":{"line":48,"column":28},"end":{"line":48,"column":32}},"19":{"start":{"line":50,"column":23},"end":{"line":50,"column":52}},"20":{"start":{"line":51,"column":23},"end":{"line":51,"column":45}},"21":{"start":{"line":54,"column":20},"end":{"line":54,"column":72}},"22":{"start":{"line":56,"column":4},"end":{"line":86,"column":5}},"23":{"start":{"line":58,"column":23},"end":{"line":58,"column":56}},"24":{"start":{"line":59,"column":28},"end":{"line":59,"column":92}},"25":{"start":{"line":59,"column":50},"end":{"line":59,"column":84}},"26":{"start":{"line":61,"column":6},"end":{"line":75,"column":7}},"27":{"start":{"line":62,"column":8},"end":{"line":62,"column":37}},"28":{"start":{"line":63,"column":8},"end":{"line":63,"column":51}},"29":{"start":{"line":64,"column":8},"end":{"line":64,"column":29}},"30":{"start":{"line":67,"column":21},"end":{"line":67,"column":56}},"31":{"start":{"line":68,"column":8},"end":{"line":74,"column":9}},"32":{"start":{"line":69,"column":10},"end":{"line":69,"column":35}},"33":{"start":{"line":70,"column":29},"end":{"line":70,"column":39}},"34":{"start":{"line":71,"column":10},"end":{"line":71,"column":56}},"35":{"start":{"line":72,"column":10},"end":{"line":72,"column":51}},"36":{"start":{"line":73,"column":10},"end":{"line":73,"column":28}},"37":{"start":{"line":77,"column":6},"end":{"line":77,"column":57}},"38":{"start":{"line":80,"column":6},"end":{"line":83,"column":7}},"39":{"start":{"line":81,"column":8},"end":{"line":81,"column":34}},"40":{"start":{"line":82,"column":8},"end":{"line":82,"column":29}},"41":{"start":{"line":85,"column":6},"end":{"line":85,"column":57}},"42":{"start":{"line":88,"column":4},"end":{"line":88,"column":44}},"43":{"start":{"line":89,"column":4},"end":{"line":89,"column":54}},"44":{"start":{"line":93,"column":0},"end":{"line":100,"column":2}},"45":{"start":{"line":94,"column":2},"end":{"line":99,"column":3}},"46":{"start":{"line":95,"column":21},"end":{"line":95,"column":88}},"47":{"start":{"line":96,"column":4},"end":{"line":96,"column":23}},"48":{"start":{"line":98,"column":4},"end":{"line":98,"column":76}},"49":{"start":{"line":103,"column":0},"end":{"line":133,"column":2}},"50":{"start":{"line":104,"column":2},"end":{"line":132,"column":3}},"51":{"start":{"line":106,"column":4},"end":{"line":112,"column":5}},"52":{"start":{"line":107,"column":17},"end":{"line":107,"column":44}},"53":{"start":{"line":108,"column":22},"end":{"line":108,"column":113}},"54":{"start":{"line":109,"column":6},"end":{"line":111,"column":7}},"55":{"start":{"line":110,"column":8},"end":{"line":110,"column":87}},"56":{"start":{"line":115,"column":4},"end":{"line":127,"column":5}},"57":{"start":{"line":116,"column":19},"end":{"line":116,"column":51}},"58":{"start":{"line":117,"column":6},"end":{"line":124,"column":7}},"59":{"start":{"line":118,"column":8},"end":{"line":118,"column":33}},"60":{"start":{"line":119,"column":27},"end":{"line":119,"column":37}},"61":{"start":{"line":120,"column":8},"end":{"line":120,"column":54}},"62":{"start":{"line":121,"column":8},"end":{"line":121,"column":49}},"63":{"start":{"line":122,"column":8},"end":{"line":122,"column":26}},"64":{"start":{"line":123,"column":8},"end":{"line":123,"column":63}},"65":{"start":{"line":126,"column":6},"end":{"line":126,"column":69}},"66":{"start":{"line":129,"column":4},"end":{"line":129,"column":67}},"67":{"start":{"line":131,"column":4},"end":{"line":131,"column":76}}},"fnMap":{"0":{"name":"(anonymous_0)","decl":{"start":{"line":6,"column":31},"end":{"line":6,"column":32}},"loc":{"start":{"line":6,"column":51},"end":{"line":43,"column":1}},"line":6},"1":{"name":"(anonymous_1)","decl":{"start":{"line":45,"column":30},"end":{"line":45,"column":31}},"loc":{"start":{"line":45,"column":50},"end":{"line":91,"column":1}},"line":45},"2":{"name":"(anonymous_2)","decl":{"start":{"line":59,"column":42},"end":{"line":59,"column":43}},"loc":{"start":{"line":59,"column":50},"end":{"line":59,"column":84}},"line":59},"3":{"name":"(anonymous_3)","decl":{"start":{"line":93,"column":28},"end":{"line":93,"column":29}},"loc":{"start":{"line":93,"column":48},"end":{"line":100,"column":1}},"line":93},"4":{"name":"(anonymous_4)","decl":{"start":{"line":103,"column":29},"end":{"line":103,"column":30}},"loc":{"start":{"line":103,"column":49},"end":{"line":133,"column":1}},"line":103}},"branchMap":{"0":{"loc":{"start":{"line":9,"column":19},"end":{"line":9,"column":54}},"type":"binary-expr","locations":[{"start":{"line":9,"column":19},"end":{"line":9,"column":47}},{"start":{"line":9,"column":51},"end":{"line":9,"column":54}}],"line":9},"1":{"loc":{"start":{"line":28,"column":4},"end":{"line":39,"column":5}},"type":"if","locations":[{"start":{"line":28,"column":4},"end":{"line":39,"column":5}},{"start":{"line":34,"column":11},"end":{"line":39,"column":5}}],"line":28},"2":{"loc":{"start":{"line":56,"column":4},"end":{"line":86,"column":5}},"type":"if","locations":[{"start":{"line":56,"column":4},"end":{"line":86,"column":5}},{"start":{"line":78,"column":11},"end":{"line":86,"column":5}}],"line":56},"3":{"loc":{"start":{"line":61,"column":6},"end":{"line":75,"column":7}},"type":"if","locations":[{"start":{"line":61,"column":6},"end":{"line":75,"column":7}},{"start":{},"end":{}}],"line":61},"4":{"loc":{"start":{"line":68,"column":8},"end":{"line":74,"column":9}},"type":"if","locations":[{"start":{"line":68,"column":8},"end":{"line":74,"column":9}},{"start":{},"end":{}}],"line":68},"5":{"loc":{"start":{"line":80,"column":6},"end":{"line":83,"column":7}},"type":"if","locations":[{"start":{"line":80,"column":6},"end":{"line":83,"column":7}},{"start":{},"end":{}}],"line":80},"6":{"loc":{"start":{"line":106,"column":4},"end":{"line":112,"column":5}},"type":"if","locations":[{"start":{"line":106,"column":4},"end":{"line":112,"column":5}},{"start":{},"end":{}}],"line":106},"7":{"loc":{"start":{"line":106,"column":8},"end":{"line":106,"column":39}},"type":"binary-expr","locations":[{"start":{"line":106,"column":8},"end":{"line":106,"column":13}},{"start":{"line":106,"column":17},"end":{"line":106,"column":39}}],"line":106},"8":{"loc":{"start":{"line":107,"column":17},"end":{"line":107,"column":44}},"type":"binary-expr","locations":[{"start":{"line":107,"column":17},"end":{"line":107,"column":29}},{"start":{"line":107,"column":33},"end":{"line":107,"column":44}}],"line":107},"9":{"loc":{"start":{"line":109,"column":6},"end":{"line":111,"column":7}},"type":"if","locations":[{"start":{"line":109,"column":6},"end":{"line":111,"column":7}},{"start":{},"end":{}}],"line":109},"10":{"loc":{"start":{"line":117,"column":6},"end":{"line":124,"column":7}},"type":"if","locations":[{"start":{"line":117,"column":6},"end":{"line":124,"column":7}},{"start":{},"end":{}}],"line":117}},"s":{"0":1,"1":1,"2":1,"3":1,"4":1,"5":0,"6":0,"7":0,"8":0,"9":0,"10":0,"11":0,"12":0,"13":0,"14":0,"15":1,"16":1,"17":1,"18":1,"19":1,"20":1,"21":1,"22":0,"23":0,"24":0,"25":0,"26":0,"27":0,"28":0,"29":0,"30":0,"31":0,"32":0,"33":0,"34":0,"35":0,"36":0,"37":0,"38":0,"39":0,"40":0,"41":0,"42":1,"43":1,"44":1,"45":0,"46":0,"47":0,"48":0,"49":1,"50":0,"51":0,"52":0,"53":0,"54":0,"55":0,"56":0,"57":0,"58":0,"59":0,"60":0,"61":0,"62":0,"63":0,"64":0,"65":0,"66":0,"67":0},"f":{"0":0,"1":1,"2":0,"3":0,"4":0},"b":{"0":[0,0],"1":[0,0],"2":[0,0],"3":[0,0],"4":[0,0],"5":[0,0],"6":[0,0],"7":[0,0],"8":[0,0],"9":[0,0],"10":[0,0]},"_coverageSchema":"1a1c01bbd47fc00a2c39e90264f33305004495a9","hash":"cd53477b31f14b3c969d518c2b849387f874a8b0"}
,"C:\\Users\\ADMIN\\SMARTSTAY CHUKA\\backend\\middleware\\auth.js": {"path":"C:\\Users\\ADMIN\\SMARTSTAY CHUKA\\backend\\middleware\\auth.js","statementMap":{"0":{"start":{"line":1,"column":12},"end":{"line":1,"column":35}},"1":{"start":{"line":2,"column":17},"end":{"line":2,"column":46}},"2":{"start":{"line":5,"column":23},"end":{"line":29,"column":1}},"3":{"start":{"line":6,"column":16},"end":{"line":6,"column":56}},"4":{"start":{"line":7,"column":2},"end":{"line":7,"column":76}},"5":{"start":{"line":7,"column":14},"end":{"line":7,"column":76}},"6":{"start":{"line":9,"column":2},"end":{"line":28,"column":3}},"7":{"start":{"line":10,"column":20},"end":{"line":10,"column":99}},"8":{"start":{"line":13,"column":4},"end":{"line":21,"column":5}},"9":{"start":{"line":14,"column":19},"end":{"line":14,"column":50}},"10":{"start":{"line":15,"column":6},"end":{"line":18,"column":7}},"11":{"start":{"line":16,"column":8},"end":{"line":16,"column":24}},"12":{"start":{"line":17,"column":8},"end":{"line":17,"column":22}},"13":{"start":{"line":20,"column":6},"end":{"line":20,"column":52}},"14":{"start":{"line":24,"column":4},"end":{"line":24,"column":23}},"15":{"start":{"line":25,"column":4},"end":{"line":25,"column":11}},"16":{"start":{"line":27,"column":4},"end":{"line":27,"column":55}},"17":{"start":{"line":32,"column":21},"end":{"line":51,"column":1}},"18":{"start":{"line":33,"column":16},"end":{"line":33,"column":56}},"19":{"start":{"line":34,"column":2},"end":{"line":34,"column":28}},"20":{"start":{"line":34,"column":14},"end":{"line":34,"column":28}},"21":{"start":{"line":36,"column":2},"end":{"line":50,"column":3}},"22":{"start":{"line":37,"column":20},"end":{"line":37,"column":99}},"23":{"start":{"line":38,"column":4},"end":{"line":46,"column":5}},"24":{"start":{"line":39,"column":19},"end":{"line":39,"column":50}},"25":{"start":{"line":40,"column":6},"end":{"line":42,"column":7}},"26":{"start":{"line":41,"column":8},"end":{"line":41,"column":24}},"27":{"start":{"line":44,"column":6},"end":{"line":44,"column":52}},"28":{"start":{"line":45,"column":6},"end":{"line":45,"column":25}},"29":{"start":{"line":47,"column":4},"end":{"line":47,"column":11}},"30":{"start":{"line":49,"column":4},"end":{"line":49,"column":11}},"31":{"start":{"line":54,"column":24},"end":{"line":59,"column":1}},"32":{"start":{"line":55,"column":2},"end":{"line":57,"column":3}},"33":{"start":{"line":56,"column":4},"end":{"line":56,"column":70}},"34":{"start":{"line":58,"column":2},"end":{"line":58,"column":9}},"35":{"start":{"line":62,"column":31},"end":{"line":83,"column":1}},"36":{"start":{"line":63,"column":2},"end":{"line":68,"column":3}},"37":{"start":{"line":64,"column":4},"end":{"line":67,"column":7}},"38":{"start":{"line":70,"column":2},"end":{"line":80,"column":3}},"39":{"start":{"line":71,"column":4},"end":{"line":79,"column":7}},"40":{"start":{"line":82,"column":2},"end":{"line":82,"column":9}},"41":{"start":{"line":85,"column":0},"end":{"line":85,"column":32}},"42":{"start":{"line":86,"column":0},"end":{"line":86,"column":43}},"43":{"start":{"line":87,"column":0},"end":{"line":87,"column":49}},"44":{"start":{"line":88,"column":0},"end":{"line":88,"column":63}}},"fnMap":{"0":{"name":"(anonymous_0)","decl":{"start":{"line":5,"column":23},"end":{"line":5,"column":24}},"loc":{"start":{"line":5,"column":49},"end":{"line":29,"column":1}},"line":5},"1":{"name":"(anonymous_1)","decl":{"start":{"line":32,"column":21},"end":{"line":32,"column":22}},"loc":{"start":{"line":32,"column":47},"end":{"line":51,"column":1}},"line":32},"2":{"name":"(anonymous_2)","decl":{"start":{"line":54,"column":24},"end":{"line":54,"column":25}},"loc":{"start":{"line":54,"column":50},"end":{"line":59,"column":1}},"line":54},"3":{"name":"(anonymous_3)","decl":{"start":{"line":62,"column":31},"end":{"line":62,"column":32}},"loc":{"start":{"line":62,"column":51},"end":{"line":83,"column":1}},"line":62}},"branchMap":{"0":{"loc":{"start":{"line":7,"column":2},"end":{"line":7,"column":76}},"type":"if","locations":[{"start":{"line":7,"column":2},"end":{"line":7,"column":76}},{"start":{},"end":{}}],"line":7},"1":{"loc":{"start":{"line":10,"column":38},"end":{"line":10,"column":98}},"type":"binary-expr","locations":[{"start":{"line":10,"column":38},"end":{"line":10,"column":60}},{"start":{"line":10,"column":64},"end":{"line":10,"column":98}}],"line":10},"2":{"loc":{"start":{"line":15,"column":6},"end":{"line":18,"column":7}},"type":"if","locations":[{"start":{"line":15,"column":6},"end":{"line":18,"column":7}},{"start":{},"end":{}}],"line":15},"3":{"loc":{"start":{"line":34,"column":2},"end":{"line":34,"column":28}},"type":"if","locations":[{"start":{"line":34,"column":2},"end":{"line":34,"column":28}},{"start":{},"end":{}}],"line":34},"4":{"loc":{"start":{"line":37,"column":38},"end":{"line":37,"column":98}},"type":"binary-expr","locations":[{"start":{"line":37,"column":38},"end":{"line":37,"column":60}},{"start":{"line":37,"column":64},"end":{"line":37,"column":98}}],"line":37},"5":{"loc":{"start":{"line":40,"column":6},"end":{"line":42,"column":7}},"type":"if","locations":[{"start":{"line":40,"column":6},"end":{"line":42,"column":7}},{"start":{},"end":{}}],"line":40},"6":{"loc":{"start":{"line":55,"column":2},"end":{"line":57,"column":3}},"type":"if","locations":[{"start":{"line":55,"column":2},"end":{"line":57,"column":3}},{"start":{},"end":{}}],"line":55},"7":{"loc":{"start":{"line":55,"column":6},"end":{"line":55,"column":36}},"type":"binary-expr","locations":[{"start":{"line":55,"column":6},"end":{"line":55,"column":15}},{"start":{"line":55,"column":19},"end":{"line":55,"column":36}}],"line":55},"8":{"loc":{"start":{"line":63,"column":2},"end":{"line":68,"column":3}},"type":"if","locations":[{"start":{"line":63,"column":2},"end":{"line":68,"column":3}},{"start":{},"end":{}}],"line":63},"9":{"loc":{"start":{"line":70,"column":2},"end":{"line":80,"column":3}},"type":"if","locations":[{"start":{"line":70,"column":2},"end":{"line":80,"column":3}},{"start":{},"end":{}}],"line":70}},"s":{"0":2,"1":2,"2":2,"3":3,"4":3,"5":3,"6":0,"7":0,"8":0,"9":0,"10":0,"11":0,"12":0,"13":0,"14":0,"15":0,"16":0,"17":2,"18":2,"19":2,"20":2,"21":0,"22":0,"23":0,"24":0,"25":0,"26":0,"27":0,"28":0,"29":0,"30":0,"31":2,"32":0,"33":0,"34":0,"35":2,"36":0,"37":0,"38":0,"39":0,"40":0,"41":2,"42":2,"43":2,"44":2},"f":{"0":3,"1":2,"2":0,"3":0},"b":{"0":[3,0],"1":[0,0],"2":[0,0],"3":[2,0],"4":[0,0],"5":[0,0],"6":[0,0],"7":[0,0],"8":[0,0],"9":[0,0]},"_coverageSchema":"1a1c01bbd47fc00a2c39e90264f33305004495a9","hash":"89e7772e6fc83bd2e1f5424fdb334aee2c2b2ab4"}
,"C:\\Users\\ADMIN\\SMARTSTAY CHUKA\\backend\\models\\Hostel.js": {"path":"C:\\Users\\ADMIN\\SMARTSTAY CHUKA\\backend\\models\\Hostel.js","statementMap":{"0":{"start":{"line":2,"column":0},"end":{"line":2,"column":46}}},"fnMap":{},"branchMap":{},"s":{"0":1},"f":{},"b":{},"_coverageSchema":"1a1c01bbd47fc00a2c39e90264f33305004495a9","hash":"7dc977a1f0749f088fa8926e3e7a9fd37fe42804"}
,"C:\\Users\\ADMIN\\SMARTSTAY CHUKA\\backend\\models\\Payment.js": {"path":"C:\\Users\\ADMIN\\SMARTSTAY CHUKA\\backend\\models\\Payment.js","statementMap":{"0":{"start":{"line":2,"column":0},"end":{"line":2,"column":47}}},"fnMap":{},"branchMap":{},"s":{"0":1},"f":{},"b":{},"_coverageSchema":"1a1c01bbd47fc00a2c39e90264f33305004495a9","hash":"8932616a19ea8f10a9f386010def920e856da01b"}
,"C:\\Users\\ADMIN\\SMARTSTAY CHUKA\\backend\\models\\User.js": {"path":"C:\\Users\\ADMIN\\SMARTSTAY CHUKA\\backend\\models\\User.js","statementMap":{"0":{"start":{"line":2,"column":0},"end":{"line":2,"column":44}}},"fnMap":{},"branchMap":{},"s":{"0":1},"f":{},"b":{},"_coverageSchema":"1a1c01bbd47fc00a2c39e90264f33305004495a9","hash":"f6a87941e422eb27072d19edcfe5769fbb44787f"}
,"C:\\Users\\ADMIN\\SMARTSTAY CHUKA\\backend\\models\\database\\Hostel.js": {"path":"C:\\Users\\ADMIN\\SMARTSTAY CHUKA\\backend\\models\\database\\Hostel.js","statementMap":{"0":{"start":{"line":1,"column":22},"end":{"line":1,"column":42}},"1":{"start":{"line":2,"column":18},"end":{"line":2,"column":50}},"2":{"start":{"line":4,"column":15},"end":{"line":69,"column":2}},"3":{"start":{"line":71,"column":0},"end":{"line":71,"column":24}}},"fnMap":{},"branchMap":{},"s":{"0":3,"1":3,"2":3,"3":3},"f":{},"b":{},"_coverageSchema":"1a1c01bbd47fc00a2c39e90264f33305004495a9","hash":"44944e69b5e12d97bc17d99de504f9a042e82352"}
,"C:\\Users\\ADMIN\\SMARTSTAY CHUKA\\backend\\models\\database\\Payment.js": {"path":"C:\\Users\\ADMIN\\SMARTSTAY CHUKA\\backend\\models\\database\\Payment.js","statementMap":{"0":{"start":{"line":1,"column":22},"end":{"line":1,"column":42}},"1":{"start":{"line":2,"column":18},"end":{"line":2,"column":50}},"2":{"start":{"line":4,"column":16},"end":{"line":59,"column":2}},"3":{"start":{"line":61,"column":0},"end":{"line":61,"column":25}}},"fnMap":{},"branchMap":{},"s":{"0":3,"1":3,"2":3,"3":3},"f":{},"b":{},"_coverageSchema":"1a1c01bbd47fc00a2c39e90264f33305004495a9","hash":"80bfc9ac911884fae56defdaeeb2732cecaef903"}
,"C:\\Users\\ADMIN\\SMARTSTAY CHUKA\\backend\\models\\database\\Subscription.js": {"path":"C:\\Users\\ADMIN\\SMARTSTAY CHUKA\\backend\\models\\database\\Subscription.js","statementMap":{"0":{"start":{"line":1,"column":22},"end":{"line":1,"column":42}},"1":{"start":{"line":2,"column":18},"end":{"line":2,"column":50}},"2":{"start":{"line":4,"column":21},"end":{"line":47,"column":2}},"3":{"start":{"line":49,"column":0},"end":{"line":49,"column":30}}},"fnMap":{},"branchMap":{},"s":{"0":3,"1":3,"2":3,"3":3},"f":{},"b":{},"_coverageSchema":"1a1c01bbd47fc00a2c39e90264f33305004495a9","hash":"bee5054cbe66aa625c559e0dcc5e71724b92d72e"}
,"C:\\Users\\ADMIN\\SMARTSTAY CHUKA\\backend\\models\\database\\User.js": {"path":"C:\\Users\\ADMIN\\SMARTSTAY CHUKA\\backend\\models\\database\\User.js","statementMap":{"0":{"start":{"line":1,"column":22},"end":{"line":1,"column":42}},"1":{"start":{"line":2,"column":18},"end":{"line":2,"column":50}},"2":{"start":{"line":4,"column":13},"end":{"line":57,"column":2}},"3":{"start":{"line":59,"column":0},"end":{"line":59,"column":22}}},"fnMap":{},"branchMap":{},"s":{"0":3,"1":3,"2":3,"3":3},"f":{},"b":{},"_coverageSchema":"1a1c01bbd47fc00a2c39e90264f33305004495a9","hash":"4bc5d9f9a71f2d87569c2ea5791c5c9eee64b135"}
,"C:\\Users\\ADMIN\\SMARTSTAY CHUKA\\backend\\models\\database\\index.js": {"path":"C:\\Users\\ADMIN\\SMARTSTAY CHUKA\\backend\\models\\database\\index.js","statementMap":{"0":{"start":{"line":1,"column":13},"end":{"line":1,"column":30}},"1":{"start":{"line":2,"column":15},"end":{"line":2,"column":34}},"2":{"start":{"line":3,"column":21},"end":{"line":3,"column":46}},"3":{"start":{"line":4,"column":16},"end":{"line":4,"column":36}},"4":{"start":{"line":5,"column":18},"end":{"line":5,"column":50}},"5":{"start":{"line":8,"column":0},"end":{"line":8,"column":74}},"6":{"start":{"line":9,"column":0},"end":{"line":9,"column":55}},"7":{"start":{"line":11,"column":0},"end":{"line":11,"column":69}},"8":{"start":{"line":12,"column":0},"end":{"line":12,"column":50}},"9":{"start":{"line":14,"column":0},"end":{"line":14,"column":48}},"10":{"start":{"line":15,"column":0},"end":{"line":15,"column":63}},"11":{"start":{"line":17,"column":0},"end":{"line":17,"column":64}},"12":{"start":{"line":18,"column":0},"end":{"line":18,"column":66}},"13":{"start":{"line":21,"column":21},"end":{"line":28,"column":1}},"14":{"start":{"line":22,"column":2},"end":{"line":27,"column":3}},"15":{"start":{"line":23,"column":4},"end":{"line":23,"column":42}},"16":{"start":{"line":24,"column":4},"end":{"line":24,"column":56}},"17":{"start":{"line":26,"column":4},"end":{"line":26,"column":57}},"18":{"start":{"line":31,"column":0},"end":{"line":31,"column":73}},"19":{"start":{"line":31,"column":28},"end":{"line":31,"column":71}},"20":{"start":{"line":33,"column":0},"end":{"line":40,"column":2}}},"fnMap":{"0":{"name":"(anonymous_0)","decl":{"start":{"line":21,"column":21},"end":{"line":21,"column":22}},"loc":{"start":{"line":21,"column":33},"end":{"line":28,"column":1}},"line":21},"1":{"name":"(anonymous_1)","decl":{"start":{"line":31,"column":21},"end":{"line":31,"column":22}},"loc":{"start":{"line":31,"column":28},"end":{"line":31,"column":71}},"line":31}},"branchMap":{},"s":{"0":3,"1":3,"2":3,"3":3,"4":3,"5":3,"6":3,"7":3,"8":3,"9":3,"10":3,"11":3,"12":3,"13":3,"14":6,"15":6,"16":0,"17":6,"18":3,"19":0,"20":3},"f":{"0":6,"1":0},"b":{},"_coverageSchema":"1a1c01bbd47fc00a2c39e90264f33305004495a9","hash":"46cbd151ac4288d1bbe2fbe6a5b060cf5f5e9b94"}
,"C:\\Users\\ADMIN\\SMARTSTAY CHUKA\\backend\\routes\\auth.js": {"path":"C:\\Users\\ADMIN\\SMARTSTAY CHUKA\\backend\\routes\\auth.js","statementMap":{"0":{"start":{"line":1,"column":16},"end":{"line":1,"column":34}},"1":{"start":{"line":2,"column":28},"end":{"line":2,"column":68}},"2":{"start":{"line":3,"column":15},"end":{"line":3,"column":31}},"3":{"start":{"line":5,"column":0},"end":{"line":5,"column":35}},"4":{"start":{"line":6,"column":0},"end":{"line":6,"column":29}},"5":{"start":{"line":8,"column":0},"end":{"line":8,"column":24}}},"fnMap":{},"branchMap":{},"s":{"0":1,"1":1,"2":1,"3":1,"4":1,"5":1},"f":{},"b":{},"_coverageSchema":"1a1c01bbd47fc00a2c39e90264f33305004495a9","hash":"f42d511f9120f66cb1c165d8f55d077fa1c06a4a"}
,"C:\\Users\\ADMIN\\SMARTSTAY CHUKA\\backend\\routes\\hostels.js": {"path":"C:\\Users\\ADMIN\\SMARTSTAY CHUKA\\backend\\routes\\hostels.js","statementMap":{"0":{"start":{"line":1,"column":16},"end":{"line":1,"column":34}},"1":{"start":{"line":2,"column":95},"end":{"line":2,"column":137}},"2":{"start":{"line":3,"column":23},"end":{"line":3,"column":52}},"3":{"start":{"line":4,"column":25},"end":{"line":4,"column":54}},"4":{"start":{"line":5,"column":15},"end":{"line":5,"column":31}},"5":{"start":{"line":7,"column":0},"end":{"line":7,"column":45}},"6":{"start":{"line":8,"column":0},"end":{"line":8,"column":48}},"7":{"start":{"line":9,"column":0},"end":{"line":9,"column":47}},"8":{"start":{"line":10,"column":0},"end":{"line":10,"column":49}},"9":{"start":{"line":11,"column":0},"end":{"line":11,"column":54}},"10":{"start":{"line":13,"column":0},"end":{"line":13,"column":54}},"11":{"start":{"line":15,"column":0},"end":{"line":15,"column":24}}},"fnMap":{},"branchMap":{},"s":{"0":1,"1":1,"2":1,"3":1,"4":1,"5":1,"6":1,"7":1,"8":1,"9":1,"10":1,"11":1},"f":{},"b":{},"_coverageSchema":"1a1c01bbd47fc00a2c39e90264f33305004495a9","hash":"333975da7d509b2cab2bf42df5bd8e9ca1542e8b"}
,"C:\\Users\\ADMIN\\SMARTSTAY CHUKA\\backend\\routes\\payments.js": {"path":"C:\\Users\\ADMIN\\SMARTSTAY CHUKA\\backend\\routes\\payments.js","statementMap":{"0":{"start":{"line":1,"column":16},"end":{"line":1,"column":34}},"1":{"start":{"line":2,"column":93},"end":{"line":2,"column":136}},"2":{"start":{"line":3,"column":23},"end":{"line":3,"column":52}},"3":{"start":{"line":4,"column":15},"end":{"line":4,"column":31}},"4":{"start":{"line":6,"column":0},"end":{"line":6,"column":63}},"5":{"start":{"line":7,"column":0},"end":{"line":7,"column":46}},"6":{"start":{"line":8,"column":0},"end":{"line":8,"column":58}},"7":{"start":{"line":10,"column":0},"end":{"line":10,"column":65}},"8":{"start":{"line":12,"column":0},"end":{"line":12,"column":24}}},"fnMap":{},"branchMap":{},"s":{"0":1,"1":1,"2":1,"3":1,"4":1,"5":1,"6":1,"7":1,"8":1},"f":{},"b":{},"_coverageSchema":"1a1c01bbd47fc00a2c39e90264f33305004495a9","hash":"0c7a42e2662ddfc5d741c659b19fa6402fcda284"}
,"C:\\Users\\ADMIN\\SMARTSTAY CHUKA\\backend\\routes\\subscriptions.js": {"path":"C:\\Users\\ADMIN\\SMARTSTAY CHUKA\\backend\\routes\\subscriptions.js","statementMap":{"0":{"start":{"line":1,"column":16},"end":{"line":1,"column":34}},"1":{"start":{"line":2,"column":23},"end":{"line":2,"column":52}},"2":{"start":{"line":3,"column":15},"end":{"line":3,"column":31}},"3":{"start":{"line":5,"column":0},"end":{"line":7,"column":3}},"4":{"start":{"line":6,"column":2},"end":{"line":6,"column":51}},"5":{"start":{"line":9,"column":0},"end":{"line":9,"column":24}}},"fnMap":{"0":{"name":"(anonymous_0)","decl":{"start":{"line":5,"column":38},"end":{"line":5,"column":39}},"loc":{"start":{"line":5,"column":52},"end":{"line":7,"column":1}},"line":5}},"branchMap":{},"s":{"0":0,"1":0,"2":0,"3":0,"4":0,"5":0},"f":{"0":0},"b":{}}
,"C:\\Users\\ADMIN\\SMARTSTAY CHUKA\\backend\\routes\\users.js": {"path":"C:\\Users\\ADMIN\\SMARTSTAY CHUKA\\backend\\routes\\users.js","statementMap":{"0":{"start":{"line":1,"column":16},"end":{"line":1,"column":34}},"1":{"start":{"line":2,"column":23},"end":{"line":2,"column":52}},"2":{"start":{"line":3,"column":13},"end":{"line":3,"column":38}},"3":{"start":{"line":4,"column":15},"end":{"line":4,"column":31}},"4":{"start":{"line":6,"column":0},"end":{"line":13,"column":3}},"5":{"start":{"line":7,"column":2},"end":{"line":12,"column":3}},"6":{"start":{"line":8,"column":17},"end":{"line":8,"column":69}},"7":{"start":{"line":9,"column":4},"end":{"line":9,"column":19}},"8":{"start":{"line":11,"column":4},"end":{"line":11,"column":76}},"9":{"start":{"line":15,"column":0},"end":{"line":15,"column":24}}},"fnMap":{"0":{"name":"(anonymous_0)","decl":{"start":{"line":6,"column":39},"end":{"line":6,"column":40}},"loc":{"start":{"line":6,"column":59},"end":{"line":13,"column":1}},"line":6}},"branchMap":{},"s":{"0":0,"1":0,"2":0,"3":0,"4":0,"5":0,"6":0,"7":0,"8":0,"9":0},"f":{"0":0},"b":{}}
,"C:\\Users\\ADMIN\\SMARTSTAY CHUKA\\backend\\utils\\mpesaService.js": {"path":"C:\\Users\\ADMIN\\SMARTSTAY CHUKA\\backend\\utils\\mpesaService.js","statementMap":{"0":{"start":{"line":1,"column":14},"end":{"line":1,"column":30}},"1":{"start":{"line":5,"column":4},"end":{"line":5,"column":54}},"2":{"start":{"line":6,"column":4},"end":{"line":6,"column":60}},"3":{"start":{"line":7,"column":4},"end":{"line":7,"column":49}},"4":{"start":{"line":8,"column":4},"end":{"line":8,"column":45}},"5":{"start":{"line":9,"column":4},"end":{"line":9,"column":53}},"6":{"start":{"line":13,"column":17},"end":{"line":13,"column":93}},"7":{"start":{"line":14,"column":4},"end":{"line":24,"column":5}},"8":{"start":{"line":15,"column":23},"end":{"line":19,"column":8}},"9":{"start":{"line":20,"column":6},"end":{"line":20,"column":40}},"10":{"start":{"line":22,"column":6},"end":{"line":22,"column":68}},"11":{"start":{"line":23,"column":6},"end":{"line":23,"column":18}},"12":{"start":{"line":28,"column":4},"end":{"line":62,"column":5}},"13":{"start":{"line":29,"column":26},"end":{"line":29,"column":58}},"14":{"start":{"line":30,"column":24},"end":{"line":30,"column":83}},"15":{"start":{"line":31,"column":23},"end":{"line":31,"column":101}},"16":{"start":{"line":33,"column":22},"end":{"line":45,"column":7}},"17":{"start":{"line":47,"column":23},"end":{"line":56,"column":7}},"18":{"start":{"line":58,"column":6},"end":{"line":58,"column":27}},"19":{"start":{"line":60,"column":6},"end":{"line":60,"column":64}},"20":{"start":{"line":61,"column":6},"end":{"line":61,"column":18}},"21":{"start":{"line":66,"column":4},"end":{"line":81,"column":5}},"22":{"start":{"line":67,"column":6},"end":{"line":77,"column":7}},"23":{"start":{"line":68,"column":8},"end":{"line":71,"column":10}},"24":{"start":{"line":73,"column":8},"end":{"line":76,"column":10}},"25":{"start":{"line":79,"column":6},"end":{"line":79,"column":64}},"26":{"start":{"line":80,"column":6},"end":{"line":80,"column":18}},"27":{"start":{"line":85,"column":0},"end":{"line":85,"column":36}}},"fnMap":{"0":{"name":"(anonymous_0)","decl":{"start":{"line":4,"column":2},"end":{"line":4,"column":3}},"loc":{"start":{"line":4,"column":16},"end":{"line":10,"column":3}},"line":4},"1":{"name":"(anonymous_1)","decl":{"start":{"line":12,"column":2},"end":{"line":12,"column":3}},"loc":{"start":{"line":12,"column":30},"end":{"line":25,"column":3}},"line":12},"2":{"name":"(anonymous_2)","decl":{"start":{"line":27,"column":2},"end":{"line":27,"column":3}},"loc":{"start":{"line":27,"column":63},"end":{"line":63,"column":3}},"line":27},"3":{"name":"(anonymous_3)","decl":{"start":{"line":65,"column":2},"end":{"line":65,"column":3}},"loc":{"start":{"line":65,"column":31},"end":{"line":82,"column":3}},"line":65}},"branchMap":{"0":{"loc":{"start":{"line":67,"column":6},"end":{"line":77,"column":7}},"type":"if","locations":[{"start":{"line":67,"column":6},"end":{"line":77,"column":7}},{"start":{"line":72,"column":13},"end":{"line":77,"column":7}}],"line":67}},"s":{"0":1,"1":1,"2":1,"3":1,"4":1,"5":1,"6":0,"7":0,"8":0,"9":0,"10":0,"11":0,"12":0,"13":0,"14":0,"15":0,"16":0,"17":0,"18":0,"19":0,"20":0,"21":0,"22":0,"23":0,"24":0,"25":0,"26":0,"27":1},"f":{"0":1,"1":0,"2":0,"3":0},"b":{"0":[0,0]},"_coverageSchema":"1a1c01bbd47fc00a2c39e90264f33305004495a9","hash":"2d46999b1a247f323011b26f5a06a86889a5291d"}
}
